<?xml version="1.0" encoding="UTF-8"?>
<!-- Generated by org.testng.reporters.JUnitXMLReporter -->
<testsuite hostname="DESKTOP-N7F78N2" ignored="0" name="Default test" tests="13" failures="0" timestamp="30 Jul 2018 06:47:50 GMT" time="22.158" errors="0">
  <testcase name="verify_general_statistic" time="0.043" classname="com.iihs.smoke_tests.Smoke_Test"/>
  <testcase name="verify_search_button" time="0.0" classname="com.iihs.smoke_tests.Smoke_Test"/>
  <testcase name="verify_tab_menus" time="0.112" classname="com.iihs.smoke_tests.Smoke_Test"/>
  <testcase name="click_on_yearly_snapshot" time="0.138" classname="com.iihs.smoke_tests.Smoke_Test"/>
  <testcase name="click_on_gender" time="2.02" classname="com.iihs.smoke_tests.Smoke_Test"/>
  <testcase name="click_on_passenger_vehicle_occupants" time="3.053" classname="com.iihs.smoke_tests.Smoke_Test"/>
  <testcase name="click_on_state_by_state" time="1.698" classname="com.iihs.smoke_tests.Smoke_Test"/>
  <testcase name="verify_Fatality_facts_topics_links" time="0.508" classname="com.iihs.smoke_tests.Smoke_Test"/>
  <testcase name="verify_yearly_snapshot_links" time="0.403" classname="com.iihs.smoke_tests.Smoke_Test"/>
  <testcase name="click_on_2015_link" time="2.191" classname="com.iihs.smoke_tests.Smoke_Test"/>
  <testcase name="verify_data_subsections" time="0.104" classname="com.iihs.smoke_tests.Smoke_Test"/>
  <testcase name="click_on_trends" time="0.12" classname="com.iihs.smoke_tests.Smoke_Test"/>
  <testcase name="verify_trends_title" time="0.133" classname="com.iihs.smoke_tests.Smoke_Test"/>
</testsuite> <!-- Default test -->
