<?xml version="1.0" encoding="UTF-8"?>
<!-- Generated by org.testng.reporters.JUnitXMLReporter -->
<testsuite hostname="DESKTOP-N7F78N2" ignored="0" name="Order smoke tests" tests="13" failures="0" timestamp="30 Jul 2018 06:41:29 GMT" time="23.409" errors="0">
  <testcase name="verify_general_statistic" time="0.043" classname="com.iihs.smoke_tests.Smoke_Test"/>
  <testcase name="verify_search_button" time="0.002" classname="com.iihs.smoke_tests.Smoke_Test"/>
  <testcase name="verify_tab_menus" time="0.127" classname="com.iihs.smoke_tests.Smoke_Test"/>
  <testcase name="click_on_yearly_snapshot" time="0.124" classname="com.iihs.smoke_tests.Smoke_Test"/>
  <testcase name="click_on_gender" time="1.559" classname="com.iihs.smoke_tests.Smoke_Test"/>
  <testcase name="click_on_passenger_vehicle_occupants" time="2.429" classname="com.iihs.smoke_tests.Smoke_Test"/>
  <testcase name="click_on_state_by_state" time="1.584" classname="com.iihs.smoke_tests.Smoke_Test"/>
  <testcase name="verify_Fatality_facts_topics_links" time="0.519" classname="com.iihs.smoke_tests.Smoke_Test"/>
  <testcase name="verify_yearly_snapshot_links" time="0.438" classname="com.iihs.smoke_tests.Smoke_Test"/>
  <testcase name="click_on_2015_link" time="1.876" classname="com.iihs.smoke_tests.Smoke_Test"/>
  <testcase name="verify_data_subsections" time="0.183" classname="com.iihs.smoke_tests.Smoke_Test"/>
  <testcase name="click_on_trends" time="0.212" classname="com.iihs.smoke_tests.Smoke_Test"/>
  <testcase name="verify_trends_title" time="0.198" classname="com.iihs.smoke_tests.Smoke_Test"/>
</testsuite> <!-- Order smoke tests -->
