<?xml version="1.0" encoding="UTF-8"?>
<!-- Generated by org.testng.reporters.JUnitXMLReporter -->
<testsuite hostname="SKaans-MacBook-Pro.local" ignored="0" name="Default test" tests="6" failures="0" timestamp="06 Aug 2018 16:07:13 GMT" time="22.315" errors="0">
  <testcase name="SPA_970_Step1" time="0.083" classname="com.iihs.tests.SPA_970_test"/>
  <testcase name="SPA_970_Step2" time="2.562" classname="com.iihs.tests.SPA_970_test"/>
  <testcase name="SPA_970_Step3" time="1.052" classname="com.iihs.tests.SPA_970_test"/>
  <testcase name="SPA_970_Step4" time="3.72" classname="com.iihs.tests.SPA_970_test"/>
  <testcase name="SPA_970_Step5" time="3.326" classname="com.iihs.tests.SPA_970_test"/>
  <testcase name="SPA_970_Step6" time="2.156" classname="com.iihs.tests.SPA_970_test"/>
</testsuite> <!-- Default test -->
