<?xml version="1.0" encoding="UTF-8"?>
<testng-results skipped="0" failed="0" ignored="0" total="1" passed="1">
  <reporter-output>
  </reporter-output>
  <suite name="Default suite" duration-ms="13623" started-at="2018-11-13T04:21:03Z" finished-at="2018-11-13T04:21:17Z">
    <groups>
    </groups>
    <test name="Default test" duration-ms="13623" started-at="2018-11-13T04:21:03Z" finished-at="2018-11-13T04:21:17Z">
      <class name="amazonsearch.PrintAllProductDetails">
        <test-method status="PASS" signature="setUp()[pri:0, instance:amazonsearch.PrintAllProductDetails@42e26948]" name="setUp" is-config="true" duration-ms="3698" started-at="2018-11-13T04:21:03Z" finished-at="2018-11-13T04:21:07Z">
          <reporter-output>
          </reporter-output>
        </test-method> <!-- setUp -->
        <test-method status="PASS" signature="getAllProductsV1()[pri:0, instance:amazonsearch.PrintAllProductDetails@42e26948]" name="getAllProductsV1" duration-ms="9893" started-at="2018-11-13T04:21:07Z" finished-at="2018-11-13T04:21:17Z">
          <reporter-output>
          </reporter-output>
        </test-method> <!-- getAllProductsV1 -->
        <test-method status="PASS" signature="tearDown()[pri:0, instance:amazonsearch.PrintAllProductDetails@42e26948]" name="tearDown" is-config="true" duration-ms="0" started-at="2018-11-13T04:21:17Z" finished-at="2018-11-13T04:21:17Z">
          <reporter-output>
          </reporter-output>
        </test-method> <!-- tearDown -->
      </class> <!-- amazonsearch.PrintAllProductDetails -->
    </test> <!-- Default test -->
  </suite> <!-- Default suite -->
</testng-results>
