<?xml version="1.0" encoding="UTF-8"?>
<testng-results skipped="0" failed="0" ignored="0" total="6" passed="6">
  <reporter-output>
  </reporter-output>
  <suite name="Default suite" duration-ms="22315" started-at="2018-08-06T16:06:50Z" finished-at="2018-08-06T16:07:13Z">
    <groups>
    </groups>
    <test name="Default test" duration-ms="22315" started-at="2018-08-06T16:06:50Z" finished-at="2018-08-06T16:07:13Z">
      <class name="com.iihs.tests.SPA_970_test">
        <test-method status="PASS" signature="setUpTest()[pri:0, instance:com.iihs.tests.SPA_970_test@4bd1f8dd]" name="setUpTest" is-config="true" duration-ms="163" started-at="2018-08-06T16:06:50Z" finished-at="2018-08-06T16:06:51Z">
          <reporter-output>
          </reporter-output>
        </test-method> <!-- setUpTest -->
        <test-method status="PASS" signature="setUp()[pri:0, instance:com.iihs.tests.SPA_970_test@4bd1f8dd]" name="setUp" is-config="true" duration-ms="2790" started-at="2018-08-06T16:06:51Z" finished-at="2018-08-06T16:06:53Z">
          <reporter-output>
          </reporter-output>
        </test-method> <!-- setUp -->
        <test-method status="PASS" signature="SPA_970_Step1()[pri:1, instance:com.iihs.tests.SPA_970_test@4bd1f8dd]" name="SPA_970_Step1" duration-ms="83" started-at="2018-08-06T16:06:53Z" description="Yearly Snapshot is displayed" finished-at="2018-08-06T16:06:54Z">
          <reporter-output>
          </reporter-output>
        </test-method> <!-- SPA_970_Step1 -->
        <test-method status="PASS" signature="tearDown(org.testng.ITestResult)[pri:0, instance:com.iihs.tests.SPA_970_test@4bd1f8dd]" name="tearDown" is-config="true" duration-ms="2" started-at="2018-08-06T16:06:54Z" finished-at="2018-08-06T16:06:54Z">
          <params>
            <param index="0">
              <value>
                <![CDATA[[TestResult name=SPA_970_Step1 status=SUCCESS method=SPA_970_test.SPA_970_Step1()[pri:1, instance:com.iihs.tests.SPA_970_test@4bd1f8dd] output={null}]]]>
              </value>
            </param>
          </params>
          <reporter-output>
          </reporter-output>
        </test-method> <!-- tearDown -->
        <test-method status="PASS" signature="setUp()[pri:0, instance:com.iihs.tests.SPA_970_test@4bd1f8dd]" name="setUp" is-config="true" duration-ms="1968" started-at="2018-08-06T16:06:54Z" finished-at="2018-08-06T16:06:55Z">
          <reporter-output>
          </reporter-output>
        </test-method> <!-- setUp -->
        <test-method status="PASS" signature="SPA_970_Step2()[pri:2, instance:com.iihs.tests.SPA_970_test@4bd1f8dd]" name="SPA_970_Step2" duration-ms="2562" started-at="2018-08-06T16:06:55Z" description="click on 2013 from Yearly snapshot drop down menu" finished-at="2018-08-06T16:06:58Z">
          <reporter-output>
          </reporter-output>
        </test-method> <!-- SPA_970_Step2 -->
        <test-method status="PASS" signature="tearDown(org.testng.ITestResult)[pri:0, instance:com.iihs.tests.SPA_970_test@4bd1f8dd]" name="tearDown" is-config="true" duration-ms="0" started-at="2018-08-06T16:06:58Z" finished-at="2018-08-06T16:06:58Z">
          <params>
            <param index="0">
              <value>
                <![CDATA[[TestResult name=SPA_970_Step2 status=SUCCESS method=SPA_970_test.SPA_970_Step2()[pri:2, instance:com.iihs.tests.SPA_970_test@4bd1f8dd] output={null}]]]>
              </value>
            </param>
          </params>
          <reporter-output>
          </reporter-output>
        </test-method> <!-- tearDown -->
        <test-method status="PASS" signature="setUp()[pri:0, instance:com.iihs.tests.SPA_970_test@4bd1f8dd]" name="setUp" is-config="true" duration-ms="1020" started-at="2018-08-06T16:06:58Z" finished-at="2018-08-06T16:06:59Z">
          <reporter-output>
          </reporter-output>
        </test-method> <!-- setUp -->
        <test-method status="PASS" signature="SPA_970_Step3()[pri:3, instance:com.iihs.tests.SPA_970_test@4bd1f8dd]" name="SPA_970_Step3" duration-ms="1052" started-at="2018-08-06T16:06:59Z" description="Verify All Fatality Facts Topic drop down menu State by state link is displayed" finished-at="2018-08-06T16:07:00Z">
          <reporter-output>
          </reporter-output>
        </test-method> <!-- SPA_970_Step3 -->
        <test-method status="PASS" signature="tearDown(org.testng.ITestResult)[pri:0, instance:com.iihs.tests.SPA_970_test@4bd1f8dd]" name="tearDown" is-config="true" duration-ms="0" started-at="2018-08-06T16:07:00Z" finished-at="2018-08-06T16:07:00Z">
          <params>
            <param index="0">
              <value>
                <![CDATA[[TestResult name=SPA_970_Step3 status=SUCCESS method=SPA_970_test.SPA_970_Step3()[pri:3, instance:com.iihs.tests.SPA_970_test@4bd1f8dd] output={null}]]]>
              </value>
            </param>
          </params>
          <reporter-output>
          </reporter-output>
        </test-method> <!-- tearDown -->
        <test-method status="PASS" signature="setUp()[pri:0, instance:com.iihs.tests.SPA_970_test@4bd1f8dd]" name="setUp" is-config="true" duration-ms="1018" started-at="2018-08-06T16:07:00Z" finished-at="2018-08-06T16:07:01Z">
          <reporter-output>
          </reporter-output>
        </test-method> <!-- setUp -->
        <test-method status="PASS" signature="SPA_970_Step4()[pri:4, instance:com.iihs.tests.SPA_970_test@4bd1f8dd]" name="SPA_970_Step4" duration-ms="3720" started-at="2018-08-06T16:07:01Z" description="State by state is displayed" finished-at="2018-08-06T16:07:05Z">
          <reporter-output>
          </reporter-output>
        </test-method> <!-- SPA_970_Step4 -->
        <test-method status="PASS" signature="setUp()[pri:0, instance:com.iihs.tests.SPA_970_test@4bd1f8dd]" name="setUp" is-config="true" duration-ms="1428" started-at="2018-08-06T16:07:05Z" finished-at="2018-08-06T16:07:06Z">
          <reporter-output>
          </reporter-output>
        </test-method> <!-- setUp -->
        <test-method status="PASS" signature="tearDown(org.testng.ITestResult)[pri:0, instance:com.iihs.tests.SPA_970_test@4bd1f8dd]" name="tearDown" is-config="true" duration-ms="0" started-at="2018-08-06T16:07:05Z" finished-at="2018-08-06T16:07:05Z">
          <params>
            <param index="0">
              <value>
                <![CDATA[[TestResult name=SPA_970_Step4 status=SUCCESS method=SPA_970_test.SPA_970_Step4()[pri:4, instance:com.iihs.tests.SPA_970_test@4bd1f8dd] output={null}]]]>
              </value>
            </param>
          </params>
          <reporter-output>
          </reporter-output>
        </test-method> <!-- tearDown -->
        <test-method status="PASS" signature="SPA_970_Step5()[pri:5, instance:com.iihs.tests.SPA_970_test@4bd1f8dd]" name="SPA_970_Step5" duration-ms="3326" started-at="2018-08-06T16:07:06Z" description="Deaths by crash type and state, 2013" finished-at="2018-08-06T16:07:10Z">
          <reporter-output>
          </reporter-output>
        </test-method> <!-- SPA_970_Step5 -->
        <test-method status="PASS" signature="tearDown(org.testng.ITestResult)[pri:0, instance:com.iihs.tests.SPA_970_test@4bd1f8dd]" name="tearDown" is-config="true" duration-ms="0" started-at="2018-08-06T16:07:10Z" finished-at="2018-08-06T16:07:10Z">
          <params>
            <param index="0">
              <value>
                <![CDATA[[TestResult name=SPA_970_Step5 status=SUCCESS method=SPA_970_test.SPA_970_Step5()[pri:5, instance:com.iihs.tests.SPA_970_test@4bd1f8dd] output={null}]]]>
              </value>
            </param>
          </params>
          <reporter-output>
          </reporter-output>
        </test-method> <!-- tearDown -->
        <test-method status="PASS" signature="setUp()[pri:0, instance:com.iihs.tests.SPA_970_test@4bd1f8dd]" name="setUp" is-config="true" duration-ms="982" started-at="2018-08-06T16:07:10Z" finished-at="2018-08-06T16:07:11Z">
          <reporter-output>
          </reporter-output>
        </test-method> <!-- setUp -->
        <test-method status="PASS" signature="SPA_970_Step6()[pri:6, instance:com.iihs.tests.SPA_970_test@4bd1f8dd]" name="SPA_970_Step6" duration-ms="2156" started-at="2018-08-06T16:07:11Z" description="New Jersey, Single Vehicle Number 308 is displayed" finished-at="2018-08-06T16:07:13Z">
          <reporter-output>
          </reporter-output>
        </test-method> <!-- SPA_970_Step6 -->
        <test-method status="PASS" signature="tearDown(org.testng.ITestResult)[pri:0, instance:com.iihs.tests.SPA_970_test@4bd1f8dd]" name="tearDown" is-config="true" duration-ms="0" started-at="2018-08-06T16:07:13Z" finished-at="2018-08-06T16:07:13Z">
          <params>
            <param index="0">
              <value>
                <![CDATA[[TestResult name=SPA_970_Step6 status=SUCCESS method=SPA_970_test.SPA_970_Step6()[pri:6, instance:com.iihs.tests.SPA_970_test@4bd1f8dd] output={null}]]]>
              </value>
            </param>
          </params>
          <reporter-output>
          </reporter-output>
        </test-method> <!-- tearDown -->
      </class> <!-- com.iihs.tests.SPA_970_test -->
    </test> <!-- Default test -->
  </suite> <!-- Default suite -->
</testng-results>
