<?xml version="1.0" encoding="UTF-8"?>
<!-- Generated by org.testng.reporters.JUnitXMLReporter -->
<testsuite hostname="DESKTOP-N7F78N2" ignored="14" name="Automated tests" tests="1" failures="0" timestamp="30 Jul 2018 06:34:43 GMT" time="3.47" errors="0">
  <testcase name="verify_trends_title" time="0.163" classname="com.iihs.smoke_tests.Smoke_Test"/>
  <testcase name="@BeforeTest setUpTest" time="0.0" classname="com.iihs.tests.TestBase">
    <ignored/>
  </testcase> <!-- @BeforeTest setUpTest -->
  <testcase name="click_on_2015_link" time="0.0" classname="com.iihs.smoke_tests.Smoke_Test">
    <ignored/>
  </testcase> <!-- click_on_2015_link -->
  <testcase name="verify_general_statistic" time="0.0" classname="com.iihs.smoke_tests.Smoke_Test">
    <ignored/>
  </testcase> <!-- verify_general_statistic -->
  <testcase name="click_on_gender" time="0.0" classname="com.iihs.smoke_tests.Smoke_Test">
    <ignored/>
  </testcase> <!-- click_on_gender -->
  <testcase name="click_on_state_by_state" time="0.0" classname="com.iihs.smoke_tests.Smoke_Test">
    <ignored/>
  </testcase> <!-- click_on_state_by_state -->
  <testcase name="@AfterTest tearDownTest" time="0.0" classname="com.iihs.tests.TestBase">
    <ignored/>
  </testcase> <!-- @AfterTest tearDownTest -->
  <testcase name="click_on_trends" time="0.0" classname="com.iihs.smoke_tests.Smoke_Test">
    <ignored/>
  </testcase> <!-- click_on_trends -->
  <testcase name="verify_search_button" time="0.0" classname="com.iihs.smoke_tests.Smoke_Test">
    <ignored/>
  </testcase> <!-- verify_search_button -->
  <testcase name="click_on_yearly_snapshot" time="0.0" classname="com.iihs.smoke_tests.Smoke_Test">
    <ignored/>
  </testcase> <!-- click_on_yearly_snapshot -->
  <testcase name="verify_data_subsections" time="0.0" classname="com.iihs.smoke_tests.Smoke_Test">
    <ignored/>
  </testcase> <!-- verify_data_subsections -->
  <testcase name="click_on_passenger_vehicle_occupants" time="0.0" classname="com.iihs.smoke_tests.Smoke_Test">
    <ignored/>
  </testcase> <!-- click_on_passenger_vehicle_occupants -->
  <testcase name="verify_Fatality_facts_topics_links" time="0.0" classname="com.iihs.smoke_tests.Smoke_Test">
    <ignored/>
  </testcase> <!-- verify_Fatality_facts_topics_links -->
  <testcase name="verify_yearly_snapshot_links" time="0.0" classname="com.iihs.smoke_tests.Smoke_Test">
    <ignored/>
  </testcase> <!-- verify_yearly_snapshot_links -->
  <testcase name="verify_tab_menus" time="0.0" classname="com.iihs.smoke_tests.Smoke_Test">
    <ignored/>
  </testcase> <!-- verify_tab_menus -->
</testsuite> <!-- Automated tests -->
