<?xml version="1.0" encoding="UTF-8"?>
<!-- Generated by org.testng.reporters.JUnitXMLReporter -->
<testsuite hostname="SKaans-MacBook-Pro.local" ignored="0" name="Smoke tests" tests="13" failures="0" timestamp="30 Jul 2018 13:27:50 GMT" time="22.144" errors="0">
  <testcase name="verify_general_statistic" time="0.045" classname="com.iihs.smoke_tests.Smoke_Test"/>
  <testcase name="verify_search_button" time="0.001" classname="com.iihs.smoke_tests.Smoke_Test"/>
  <testcase name="verify_tab_menus" time="0.133" classname="com.iihs.smoke_tests.Smoke_Test"/>
  <testcase name="click_on_yearly_snapshot" time="0.178" classname="com.iihs.smoke_tests.Smoke_Test"/>
  <testcase name="click_on_gender" time="1.697" classname="com.iihs.smoke_tests.Smoke_Test"/>
  <testcase name="click_on_passenger_vehicle_occupants" time="2.811" classname="com.iihs.smoke_tests.Smoke_Test"/>
  <testcase name="click_on_state_by_state" time="1.566" classname="com.iihs.smoke_tests.Smoke_Test"/>
  <testcase name="verify_Fatality_facts_topics_links" time="0.533" classname="com.iihs.smoke_tests.Smoke_Test"/>
  <testcase name="verify_yearly_snapshot_links" time="0.397" classname="com.iihs.smoke_tests.Smoke_Test"/>
  <testcase name="click_on_2015_link" time="2.13" classname="com.iihs.smoke_tests.Smoke_Test"/>
  <testcase name="verify_data_subsections" time="0.107" classname="com.iihs.smoke_tests.Smoke_Test"/>
  <testcase name="click_on_trends" time="0.151" classname="com.iihs.smoke_tests.Smoke_Test"/>
  <testcase name="verify_trends_title" time="0.225" classname="com.iihs.smoke_tests.Smoke_Test"/>
</testsuite> <!-- Smoke tests -->
